<?xml version="1.0" encoding="UTF-8"?>
<!-- Generated by org.testng.reporters.JUnitXMLReporter -->
<testsuite ignored="0" hostname="DESKTOP-VUDSQO6" failures="0" tests="6" name="Test" time="93.773" errors="0" timestamp="2023-03-10T23:56:14 IST">
  <testcase classname="com.demopom_framework.logintest.LoginTest" name="testLoginPage" time="13.278"/>
  <testcase classname="com.demopom_framework.logintest.LoginTest" name="testLoginPage" time="14.169"/>
  <testcase classname="com.demopom_framework.logintest.LoginTest" name="testLoginPage" time="13.874"/>
  <testcase classname="com.demopom_framework.logintest.ForgotAccountTest" name="testForgotAccountPage" time="11.757"/>
  <testcase classname="com.demopom_framework.logintest.ForgotAccountTest" name="testForgotAccountPage" time="27.377"/>
  <testcase classname="com.demopom_framework.logintest.ForgotAccountTest" name="testForgotAccountPage" time="11.649"/>
</testsuite> <!-- Test -->
