<?xml version="1.0" encoding="UTF-8"?>
<!-- Generated by org.testng.reporters.JUnitXMLReporter -->
<testsuite ignored="0" hostname="DESKTOP-VUDSQO6" failures="0" tests="4" name="Test" time="48.848" errors="0" timestamp="2023-03-11T00:06:04 IST">
  <testcase classname="com.demopom_framework.logintest.LoginTest" name="testLoginPage" time="14.211"/>
  <testcase classname="com.demopom_framework.logintest.LoginTest" name="testLoginPage" time="13.846"/>
  <testcase classname="com.demopom_framework.logintest.ForgotAccountTest" name="testForgotAccountPage" time="8.414"/>
  <testcase classname="com.demopom_framework.logintest.ForgotAccountTest" name="testForgotAccountPage" time="10.917"/>
</testsuite> <!-- Test -->
