<?xml version="1.0" encoding="UTF-8"?>
<testng-results ignored="0" total="2" passed="2" failed="0" skipped="0">
  <reporter-output>
  </reporter-output>
  <suite started-at="2023-03-18T11:07:16 IST" name="Default suite" finished-at="2023-03-18T11:08:01 IST" duration-ms="44433">
    <groups>
    </groups>
    <test started-at="2023-03-18T11:07:16 IST" name="Default test" finished-at="2023-03-18T11:08:01 IST" duration-ms="44433">
      <class name="com.demopom_framework.logintest.LoginTest">
        <test-method signature="testLoginPage(java.lang.Object,java.lang.Object)[pri:0, instance:com.demopom_framework.logintest.LoginTest@52b1beb6]" started-at="2023-03-18T11:07:20 IST" name="testLoginPage" data-provider="testData" finished-at="2023-03-18T11:07:48 IST" duration-ms="27550" status="PASS">
          <params>
            <param index="0">
              <value>
                <![CDATA[selauto@gmail.com]]>
              </value>
            </param>
            <param index="1">
              <value>
                <![CDATA[test123]]>
              </value>
            </param>
          </params>
          <reporter-output>
          </reporter-output>
        </test-method> <!-- testLoginPage -->
        <test-method signature="testLoginPage(java.lang.Object,java.lang.Object)[pri:0, instance:com.demopom_framework.logintest.LoginTest@52b1beb6]" started-at="2023-03-18T11:07:48 IST" name="testLoginPage" data-provider="testData" finished-at="2023-03-18T11:08:01 IST" duration-ms="12958" status="PASS">
          <params>
            <param index="0">
              <value>
                <![CDATA[akhil@gmail.com]]>
              </value>
            </param>
            <param index="1">
              <value>
                <![CDATA[test321]]>
              </value>
            </param>
          </params>
          <reporter-output>
          </reporter-output>
        </test-method> <!-- testLoginPage -->
      </class> <!-- com.demopom_framework.logintest.LoginTest -->
    </test> <!-- Default test -->
  </suite> <!-- Default suite -->
</testng-results>
